[2021-08-31T23:06:17.167] [DEBUG] cheese - login => username:zs,password:123456
[2021-08-31T23:06:17.170] [DEBUG] cheese - zs
[2021-08-31T23:06:17.182] [DEBUG] cheese - null
[2021-08-31T23:06:17.182] [DEBUG] cheese - null
[2021-08-31T23:06:42.089] [DEBUG] cheese - login => username:admin,password:123456
[2021-08-31T23:06:42.089] [DEBUG] cheese - admin
[2021-08-31T23:06:42.095] [DEBUG] cheese - null
[2021-08-31T23:06:42.096] [DEBUG] cheese - null
[2021-09-03T21:15:17.211] [DEBUG] cheese - login => username:zss,password:123456
[2021-09-03T21:15:17.212] [DEBUG] cheese - zss
[2021-09-03T21:15:17.234] [DEBUG] cheese - null
[2021-09-03T21:15:17.235] [DEBUG] cheese - null
[2021-09-03T21:15:21.576] [DEBUG] cheese - login => username:zss,password:123456
[2021-09-03T21:15:21.576] [DEBUG] cheese - zss
[2021-09-03T21:15:21.579] [DEBUG] cheese - null
[2021-09-03T21:15:21.579] [DEBUG] cheese - null
[2021-09-03T21:15:22.650] [DEBUG] cheese - login => username:zss,password:123456
[2021-09-03T21:15:22.650] [DEBUG] cheese - zss
[2021-09-03T21:15:22.652] [DEBUG] cheese - null
[2021-09-03T21:15:22.652] [DEBUG] cheese - null
[2021-09-03T21:16:05.399] [DEBUG] cheese - login => username:zss,password:123456
[2021-09-03T21:16:05.399] [DEBUG] cheese - zss
[2021-09-03T21:16:05.401] [DEBUG] cheese - null
[2021-09-03T21:16:05.401] [DEBUG] cheese - null
[2021-09-03T21:18:51.794] [DEBUG] cheese - login => username:zss,password:123456
[2021-09-03T21:18:51.794] [DEBUG] cheese - zss
[2021-09-03T21:18:51.797] [DEBUG] cheese - null
[2021-09-03T21:18:51.797] [DEBUG] cheese - null
[2021-09-03T23:15:33.370] [DEBUG] cheese - login => username:zss,password:123456
[2021-09-03T23:15:33.370] [DEBUG] cheese - zss
[2021-09-03T23:15:33.372] [DEBUG] cheese - null
[2021-09-03T23:15:33.372] [DEBUG] cheese - null
[2021-09-03T23:15:38.580] [DEBUG] cheese - login => username:zss,password:123456
[2021-09-03T23:15:38.580] [DEBUG] cheese - zss
[2021-09-03T23:15:38.583] [DEBUG] cheese - null
[2021-09-03T23:15:38.583] [DEBUG] cheese - null
[2021-09-03T23:15:52.625] [DEBUG] cheese - login => username:admin,password:123456
[2021-09-03T23:15:52.625] [DEBUG] cheese - admin
[2021-09-03T23:15:52.631] [DEBUG] cheese - null
[2021-09-03T23:15:52.631] [DEBUG] cheese - null
[2021-09-03T23:33:19.422] [DEBUG] cheese - login => username:admin,password:123456
[2021-09-03T23:33:19.422] [DEBUG] cheese - admin
[2021-09-03T23:33:19.425] [DEBUG] cheese - null
[2021-09-03T23:33:19.425] [DEBUG] cheese - null
[2021-09-03T23:33:26.268] [DEBUG] cheese - login => username:zss,password:123456
[2021-09-03T23:33:26.268] [DEBUG] cheese - zss
[2021-09-03T23:33:26.270] [DEBUG] cheese - null
[2021-09-03T23:33:26.270] [DEBUG] cheese - null
[2021-09-03T23:33:55.420] [DEBUG] cheese - login => username:admin,password:123456
[2021-09-03T23:33:55.420] [DEBUG] cheese - admin
[2021-09-03T23:33:55.423] [DEBUG] cheese - null
[2021-09-03T23:33:55.423] [DEBUG] cheese - null
[2021-09-03T23:40:45.723] [DEBUG] cheese - login => username:admin,password:123456
[2021-09-03T23:40:45.724] [DEBUG] cheese - admin
[2021-09-03T23:40:45.726] [DEBUG] cheese - null
[2021-09-03T23:40:45.726] [DEBUG] cheese - null
[2021-09-03T23:59:13.414] [DEBUG] cheese - login => username:admin,password:123456
[2021-09-03T23:59:13.414] [DEBUG] cheese - admin
[2021-09-03T23:59:13.417] [DEBUG] cheese - null
[2021-09-03T23:59:13.418] [DEBUG] cheese - null
[2021-09-04T00:03:39.460] [DEBUG] cheese - login => username:admin,password:123456
[2021-09-04T00:03:39.460] [DEBUG] cheese - admin
[2021-09-04T00:03:39.496] [DEBUG] cheese - null
[2021-09-04T00:03:39.496] [DEBUG] cheese - null
[2021-09-04T00:23:43.777] [DEBUG] cheese - login => username:admin,password:123456
[2021-09-04T00:23:43.777] [DEBUG] cheese - admin
[2021-09-04T00:23:43.779] [DEBUG] cheese - null
[2021-09-04T00:23:43.779] [DEBUG] cheese - null
[2021-09-04T04:19:44.483] [DEBUG] cheese - login => username:admin,password:123456
[2021-09-04T04:19:44.484] [DEBUG] cheese - admin
[2021-09-04T04:19:44.499] [DEBUG] cheese - null
[2021-09-04T04:19:44.499] [DEBUG] cheese - null
[2021-09-04T04:56:46.349] [DEBUG] cheese - login => username:admin,password:123456
[2021-09-04T04:56:46.349] [DEBUG] cheese - admin
[2021-09-04T04:56:46.352] [DEBUG] cheese - null
[2021-09-04T04:56:46.352] [DEBUG] cheese - null
[2021-09-04T20:29:00.906] [DEBUG] cheese - login => username:admin,password:123456
[2021-09-04T20:29:00.908] [DEBUG] cheese - admin
[2021-09-04T20:29:00.961] [DEBUG] cheese - null
[2021-09-04T20:29:00.961] [DEBUG] cheese - null
[2021-09-04T20:45:48.900] [DEBUG] cheese - login => username:admin,password:123456
[2021-09-04T20:45:48.901] [DEBUG] cheese - admin
[2021-09-04T20:45:48.904] [DEBUG] cheese - null
[2021-09-04T20:45:48.904] [DEBUG] cheese - null
[2021-09-05T12:45:13.962] [DEBUG] cheese - login => username:admin,password:123456
[2021-09-05T12:45:13.964] [DEBUG] cheese - admin
[2021-09-05T12:45:14.031] [DEBUG] cheese - null
[2021-09-05T12:45:14.032] [DEBUG] cheese - null
[2021-09-05T13:28:43.048] [DEBUG] cheese - login => username:admin,password:123456
[2021-09-05T13:28:43.048] [DEBUG] cheese - admin
[2021-09-05T13:28:43.052] [DEBUG] cheese - null
[2021-09-05T13:28:43.052] [DEBUG] cheese - null
[2021-09-05T15:36:34.451] [DEBUG] cheese - login => username:admin,password:123456
[2021-09-05T15:36:34.452] [DEBUG] cheese - admin
[2021-09-05T15:36:34.459] [DEBUG] cheese - null
[2021-09-05T15:36:34.459] [DEBUG] cheese - null
[2021-09-05T16:03:58.743] [DEBUG] cheese - login => username:admin,password:123456
[2021-09-05T16:03:58.744] [DEBUG] cheese - admin
[2021-09-05T16:03:58.747] [DEBUG] cheese - null
[2021-09-05T16:03:58.747] [DEBUG] cheese - null
[2021-09-05T16:07:22.754] [DEBUG] cheese - login => username:admin,password:123456
[2021-09-05T16:07:22.754] [DEBUG] cheese - admin
[2021-09-05T16:07:22.757] [DEBUG] cheese - null
[2021-09-05T16:07:22.757] [DEBUG] cheese - null
[2021-09-05T16:11:48.175] [DEBUG] cheese - login => username:admin,password:123456
[2021-09-05T16:11:48.175] [DEBUG] cheese - admin
[2021-09-05T16:11:48.178] [DEBUG] cheese - null
[2021-09-05T16:11:48.178] [DEBUG] cheese - null
[2021-09-05T16:38:04.019] [DEBUG] cheese - login => username:admin,password:123456
[2021-09-05T16:38:04.020] [DEBUG] cheese - admin
[2021-09-05T16:38:04.022] [DEBUG] cheese - null
[2021-09-05T16:38:04.022] [DEBUG] cheese - null
[2021-09-05T23:33:08.990] [DEBUG] cheese - login => username:admin,password:123456
[2021-09-05T23:33:08.991] [DEBUG] cheese - admin
[2021-09-05T23:33:08.995] [DEBUG] cheese - null
[2021-09-05T23:33:08.996] [DEBUG] cheese - null
[2021-09-06T19:46:44.959] [DEBUG] cheese - login => username:admin,password:123456
[2021-09-06T19:46:44.960] [DEBUG] cheese - admin
[2021-09-06T19:46:45.001] [DEBUG] cheese - null
[2021-09-06T19:46:45.001] [DEBUG] cheese - null
[2021-09-07T01:08:45.577] [DEBUG] cheese - login => username:admin,password:123456
[2021-09-07T01:08:45.578] [DEBUG] cheese - admin
[2021-09-07T01:08:45.621] [DEBUG] cheese - null
[2021-09-07T01:08:45.621] [DEBUG] cheese - null
[2021-09-07T19:52:07.642] [DEBUG] cheese - login => username:admin,password:123456
[2021-09-07T19:52:07.644] [DEBUG] cheese - admin
[2021-09-07T19:52:07.659] [DEBUG] cheese - null
[2021-09-07T19:52:07.660] [DEBUG] cheese - null
[2021-09-08T19:53:58.744] [DEBUG] cheese - login => username:admin,password:123456
[2021-09-08T19:53:58.746] [DEBUG] cheese - admin
[2021-09-08T19:53:58.756] [DEBUG] cheese - null
[2021-09-08T19:53:58.757] [DEBUG] cheese - null
[2021-09-08T20:12:32.459] [DEBUG] cheese - login => username:admin,password:123456
[2021-09-08T20:12:32.459] [DEBUG] cheese - admin
[2021-09-08T20:12:32.463] [DEBUG] cheese - null
[2021-09-08T20:12:32.463] [DEBUG] cheese - null
[2021-09-08T21:17:38.138] [DEBUG] cheese - null
[2021-09-08T21:26:10.536] [DEBUG] cheese - null
[2021-09-08T21:26:12.473] [DEBUG] cheese - null
[2021-09-08T21:26:45.895] [DEBUG] cheese - null
[2021-09-08T21:26:48.850] [DEBUG] cheese - null
[2021-09-09T20:05:10.957] [DEBUG] cheese - login => username:admin,password:123456
[2021-09-09T20:05:10.958] [DEBUG] cheese - admin
[2021-09-09T20:05:10.974] [DEBUG] cheese - null
[2021-09-09T20:05:10.974] [DEBUG] cheese - null
[2021-09-10T19:18:48.544] [DEBUG] cheese - login => username:admin,password:123456
[2021-09-10T19:18:48.546] [DEBUG] cheese - admin
[2021-09-10T19:18:48.570] [DEBUG] cheese - null
[2021-09-10T19:18:48.570] [DEBUG] cheese - null
[2021-09-11T00:04:04.420] [DEBUG] cheese - login => username:admin,password:123456
[2021-09-11T00:04:04.422] [DEBUG] cheese - admin
[2021-09-11T00:04:04.431] [DEBUG] cheese - null
[2021-09-11T00:04:04.432] [DEBUG] cheese - null
[2021-09-11T14:25:28.305] [DEBUG] cheese - login => username:admin,password:123456
[2021-09-11T14:25:28.306] [DEBUG] cheese - admin
[2021-09-11T14:25:28.346] [DEBUG] cheese - null
[2021-09-11T14:25:28.347] [DEBUG] cheese - null
[2021-09-11T18:10:21.236] [DEBUG] cheese - login => username:admin,password:123456
[2021-09-11T18:10:21.238] [DEBUG] cheese - admin
[2021-09-11T18:10:21.242] [DEBUG] cheese - null
[2021-09-11T18:10:21.243] [DEBUG] cheese - null
[2021-09-12T11:27:40.924] [DEBUG] cheese - login => username:admin,password:123456
[2021-09-12T11:27:40.925] [DEBUG] cheese - admin
[2021-09-12T11:27:40.938] [DEBUG] cheese - null
[2021-09-12T11:27:40.939] [DEBUG] cheese - null
[2021-09-13T19:47:16.315] [DEBUG] cheese - login => username:admin,password:123456
[2021-09-13T19:47:16.316] [DEBUG] cheese - admin
[2021-09-13T19:47:16.342] [DEBUG] cheese - null
[2021-09-13T19:47:16.342] [DEBUG] cheese - null
[2021-09-13T23:18:30.008] [DEBUG] cheese - login => username:admin,password:123456
[2021-09-13T23:18:30.010] [DEBUG] cheese - admin
[2021-09-13T23:18:30.016] [DEBUG] cheese - null
[2021-09-13T23:18:30.016] [DEBUG] cheese - null
[2021-09-14T00:06:56.868] [DEBUG] cheese - login => username:admin,password:123456
[2021-09-14T00:06:56.870] [DEBUG] cheese - admin
[2021-09-14T00:06:56.875] [DEBUG] cheese - null
[2021-09-14T00:06:56.875] [DEBUG] cheese - null
[2021-09-14T01:02:20.259] [DEBUG] cheese - login => username:admin,password:123456
[2021-09-14T01:02:20.261] [DEBUG] cheese - admin
[2021-09-14T01:02:20.264] [DEBUG] cheese - null
[2021-09-14T01:02:20.265] [DEBUG] cheese - null
[2021-09-14T01:03:27.775] [DEBUG] cheese - login => username:admin,password:123456
[2021-09-14T01:03:27.776] [DEBUG] cheese - admin
[2021-09-14T01:03:27.779] [DEBUG] cheese - null
[2021-09-14T01:03:27.780] [DEBUG] cheese - null
[2021-09-14T21:04:17.381] [DEBUG] cheese - login => username:admin,password:123456
[2021-09-14T21:04:17.383] [DEBUG] cheese - admin
[2021-09-14T21:04:17.431] [DEBUG] cheese - null
[2021-09-14T21:04:17.431] [DEBUG] cheese - null
[2021-09-14T21:12:11.064] [DEBUG] cheese - null
[2021-09-15T19:54:27.637] [DEBUG] cheese - login => username:admin,password:123456
[2021-09-15T19:54:27.639] [DEBUG] cheese - admin
[2021-09-15T19:54:27.683] [DEBUG] cheese - null
[2021-09-15T19:54:27.683] [DEBUG] cheese - null
[2021-09-15T21:41:10.509] [DEBUG] cheese - login => username:admin,password:123456
[2021-09-15T21:41:10.510] [DEBUG] cheese - admin
[2021-09-15T21:41:10.522] [DEBUG] cheese - null
[2021-09-15T21:41:10.523] [DEBUG] cheese - null
